<?xml version="1.0" encoding="UTF-8"?>
<testsuite xmlns:xsi="http://www.w3.org/2001/XMLSchema-instance" xsi:noNamespaceSchemaLocation="https://maven.apache.org/surefire/maven-surefire-plugin/xsd/surefire-test-report.xsd" name="pratica.junit.ServicoPessoaTest" time="0.04" tests="4" errors="1" skipped="0" failures="0">
  <properties>
[...]
</properties>
  <testcase name="testIsAdultReturnFalseIfIdadeUpperl18" classname="pratica.junit.ServicoPessoaTest" time="0.016"/>
  <testcase name="testIsAdultReturnFalseIfIdadeLowerl18" classname="pratica.junit.ServicoPessoaTest" time="0.001"/>
  <testcase name="testIsAdultExeptionNull" classname="pratica.junit.ServicoPessoaTest" time="0.008">
    <error message="Uncompilable code - cannot find symbol&#10;  symbol:   class NullPointerExeption&#10;  location: class pratica.junit.ServicoPessoaTest" type="java.lang.RuntimeException">java.lang.RuntimeException: 
Uncompilable code - cannot find symbol
  symbol:   class NullPointerExeption
  location: class pratica.junit.ServicoPessoaTest
	at pratica.junit.ServicoPessoaTest.testIsAdultExeptionNull(ServicoPessoaTest.java:1)
</error>
  </testcase>
  <testcase name="testIsAdultReturnTrueIfIdadeEqualOrGreater18" classname="pratica.junit.ServicoPessoaTest" time="0.001"/>
</testsuite>