<?xml version="1.0" encoding="UTF-8"?>
<testsuite xmlns:xsi="http://www.w3.org/2001/XMLSchema-instance" xsi:noNamespaceSchemaLocation="https://maven.apache.org/surefire/maven-surefire-plugin/xsd/surefire-test-report.xsd" name="calculadora.CalculadoraTest" time="0.026" tests="5" errors="0" skipped="0" failures="1">
  <properties>
[...]
</properties>
  <testcase name="testMain" classname="calculadora.CalculadoraTest" time="0.014"/>
  <testcase name="testSoma" classname="calculadora.CalculadoraTest" time="0"/>
  <testcase name="testSubtracao" classname="calculadora.CalculadoraTest" time="0.001"/>
  <testcase name="testDivisao" classname="calculadora.CalculadoraTest" time="0"/>
  <testcase name="testMultiplicacao" classname="calculadora.CalculadoraTest" time="0.006">
    <failure message="expected: &lt;200&gt; but was: &lt;100&gt;" type="org.opentest4j.AssertionFailedError"><![CDATA[org.opentest4j.AssertionFailedError: expected: <200> but was: <100>
	at calculadora.CalculadoraTest.testMultiplicacao(CalculadoraTest.java:29)
]]></failure>
  </testcase>
</testsuite>